# JRE version: OpenJDK Runtime Environment (8.0_152-b01) (build 1.8.0_152-release-915-b01)
# Java VM: OpenJDK 64-Bit Server VM (25.152-b01 mixed mode windows-amd64 compressed oops)
Heap:
 PSYoungGen      total 138240K, used 54562K [0x00000000e0000000, 0x00000000eab80000, 0x0000000100000000)
  eden space 111616K, 40% used [0x00000000e0000000,0x00000000e2bb3860,0x00000000e6d00000)
  from space 26624K, 36% used [0x00000000e6d00000,0x00000000e76950a0,0x00000000e8700000)
  to   space 25600K, 0% used [0x00000000e9280000,0x00000000e9280000,0x00000000eab80000)
 ParOldGen       total 181248K, used 46260K [0x00000000a0000000, 0x00000000ab100000, 0x00000000e0000000)
  object space 181248K, 25% used [0x00000000a0000000,0x00000000a2d2d3d0,0x00000000ab100000)
 Metaspace       used 62393K, capacity 65462K, committed 65664K, reserved 1105920K
  class space    used 8306K, capacity 9059K, committed 9088K, reserved 1048576K
GC Heap History (10 events):
Event: 10.851 GC heap before
{Heap before GC invocations=16 (full 2):
 PSYoungGen      total 93696K, used 93667K [0x00000000e0000000, 0x00000000e8100000, 0x0000000100000000)
  eden space 79360K, 100% used [0x00000000e0000000,0x00000000e4d80000,0x00000000e4d80000)
  from space 14336K, 99% used [0x00000000e4d80000,0x00000000e5b78e98,0x00000000e5b80000)
  to   space 17408K, 0% used [0x00000000e7000000,0x00000000e7000000,0x00000000e8100000)
 ParOldGen       total 115200K, used 19529K [0x00000000a0000000, 0x00000000a7080000, 0x00000000e0000000)
  object space 115200K, 16% used [0x00000000a0000000,0x00000000a1312690,0x00000000a7080000)
 Metaspace       used 54136K, capacity 56196K, committed 56448K, reserved 1097728K
  class space    used 7419K, capacity 7963K, committed 8064K, reserved 1048576K
Event: 10.867 GC heap after
Heap after GC invocations=16 (full 2):
 PSYoungGen      total 109568K, used 17390K [0x00000000e0000000, 0x00000000e9100000, 0x0000000100000000)
  eden space 92160K, 0% used [0x00000000e0000000,0x00000000e0000000,0x00000000e5a00000)
  from space 17408K, 99% used [0x00000000e7000000,0x00000000e80fbbc8,0x00000000e8100000)
  to   space 22528K, 0% used [0x00000000e5a00000,0x00000000e5a00000,0x00000000e7000000)
 ParOldGen       total 115200K, used 26470K [0x00000000a0000000, 0x00000000a7080000, 0x00000000e0000000)
  object space 115200K, 22% used [0x00000000a0000000,0x00000000a19d9a78,0x00000000a7080000)
 Metaspace       used 54136K, capacity 56196K, committed 56448K, reserved 1097728K
  class space    used 7419K, capacity 7963K, committed 8064K, reserved 1048576K
}
Event: 11.995 GC heap before
{Heap before GC invocations=17 (full 2):
 PSYoungGen      total 109568K, used 104847K [0x00000000e0000000, 0x00000000e9100000, 0x0000000100000000)
  eden space 92160K, 94% used [0x00000000e0000000,0x00000000e55682f0,0x00000000e5a00000)
  from space 17408K, 99% used [0x00000000e7000000,0x00000000e80fbbc8,0x00000000e8100000)
  to   space 22528K, 0% used [0x00000000e5a00000,0x00000000e5a00000,0x00000000e7000000)
 ParOldGen       total 115200K, used 26470K [0x00000000a0000000, 0x00000000a7080000, 0x00000000e0000000)
  object space 115200K, 22% used [0x00000000a0000000,0x00000000a19d9a78,0x00000000a7080000)
 Metaspace       used 56557K, capacity 58890K, committed 59008K, reserved 1099776K
  class space    used 7730K, capacity 8299K, committed 8320K, reserved 1048576K
Event: 12.031 GC heap after
Heap after GC invocations=17 (full 2):
 PSYoungGen      total 114688K, used 22504K [0x00000000e0000000, 0x00000000ead00000, 0x0000000100000000)
  eden space 92160K, 0% used [0x00000000e0000000,0x00000000e0000000,0x00000000e5a00000)
  from space 22528K, 99% used [0x00000000e5a00000,0x00000000e6ffa240,0x00000000e7000000)
  to   space 27136K, 0% used [0x00000000e9280000,0x00000000e9280000,0x00000000ead00000)
 ParOldGen       total 115200K, used 30797K [0x00000000a0000000, 0x00000000a7080000, 0x00000000e0000000)
  object space 115200K, 26% used [0x00000000a0000000,0x00000000a1e13460,0x00000000a7080000)
 Metaspace       used 56557K, capacity 58890K, committed 59008K, reserved 1099776K
  class space    used 7730K, capacity 8299K, committed 8320K, reserved 1048576K
}
Event: 12.031 GC heap before
{Heap before GC invocations=18 (full 3):
 PSYoungGen      total 114688K, used 22504K [0x00000000e0000000, 0x00000000ead00000, 0x0000000100000000)
  eden space 92160K, 0% used [0x00000000e0000000,0x00000000e0000000,0x00000000e5a00000)
  from space 22528K, 99% used [0x00000000e5a00000,0x00000000e6ffa240,0x00000000e7000000)
  to   space 27136K, 0% used [0x00000000e9280000,0x00000000e9280000,0x00000000ead00000)
 ParOldGen       total 115200K, used 30797K [0x00000000a0000000, 0x00000000a7080000, 0x00000000e0000000)
  object space 115200K, 26% used [0x00000000a0000000,0x00000000a1e13460,0x00000000a7080000)
 Metaspace       used 56557K, capacity 58890K, committed 59008K, reserved 1099776K
  class space    used 7730K, capacity 8299K, committed 8320K, reserved 1048576K
Event: 12.310 GC heap after
Heap after GC invocations=18 (full 3):
 PSYoungGen      total 114688K, used 0K [0x00000000e0000000, 0x00000000ead00000, 0x0000000100000000)
  eden space 92160K, 0% used [0x00000000e0000000,0x00000000e0000000,0x00000000e5a00000)
  from space 22528K, 0% used [0x00000000e5a00000,0x00000000e5a00000,0x00000000e7000000)
  to   space 27136K, 0% used [0x00000000e9280000,0x00000000e9280000,0x00000000ead00000)
 ParOldGen       total 181248K, used 46244K [0x00000000a0000000, 0x00000000ab100000, 0x00000000e0000000)
  object space 181248K, 25% used [0x00000000a0000000,0x00000000a2d293d0,0x00000000ab100000)
 Metaspace       used 56557K, capacity 58890K, committed 59008K, reserved 1099776K
  class space    used 7730K, capacity 8299K, committed 8320K, reserved 1048576K
}
Event: 130.619 GC heap before
{Heap before GC invocations=19 (full 3):
 PSYoungGen      total 114688K, used 92160K [0x00000000e0000000, 0x00000000ead00000, 0x0000000100000000)
  eden space 92160K, 100% used [0x00000000e0000000,0x00000000e5a00000,0x00000000e5a00000)
  from space 22528K, 0% used [0x00000000e5a00000,0x00000000e5a00000,0x00000000e7000000)
  to   space 27136K, 0% used [0x00000000e9280000,0x00000000e9280000,0x00000000ead00000)
 ParOldGen       total 181248K, used 46244K [0x00000000a0000000, 0x00000000ab100000, 0x00000000e0000000)
  object space 181248K, 25% used [0x00000000a0000000,0x00000000a2d293d0,0x00000000ab100000)
 Metaspace       used 59781K, capacity 62564K, committed 62720K, reserved 1103872K
  class space    used 7999K, capacity 8688K, committed 8704K, reserved 1048576K
Event: 130.623 GC heap after
Heap after GC invocations=19 (full 3):
 PSYoungGen      total 126464K, used 5886K [0x00000000e0000000, 0x00000000ea100000, 0x0000000100000000)
  eden space 111616K, 0% used [0x00000000e0000000,0x00000000e0000000,0x00000000e6d00000)
  from space 14848K, 39% used [0x00000000e9280000,0x00000000e983fb98,0x00000000ea100000)
  to   space 26624K, 0% used [0x00000000e6d00000,0x00000000e6d00000,0x00000000e8700000)
 ParOldGen       total 181248K, used 46252K [0x00000000a0000000, 0x00000000ab100000, 0x00000000e0000000)
  object space 181248K, 25% used [0x00000000a0000000,0x00000000a2d2b3d0,0x00000000ab100000)
 Metaspace       used 59781K, capacity 62564K, committed 62720K, reserved 1103872K
  class space    used 7999K, capacity 8688K, committed 8704K, reserved 1048576K
}
Event: 900.385 GC heap before
{Heap before GC invocations=20 (full 3):
 PSYoungGen      total 126464K, used 117502K [0x00000000e0000000, 0x00000000ea100000, 0x0000000100000000)
  eden space 111616K, 100% used [0x00000000e0000000,0x00000000e6d00000,0x00000000e6d00000)
  from space 14848K, 39% used [0x00000000e9280000,0x00000000e983fb98,0x00000000ea100000)
  to   space 26624K, 0% used [0x00000000e6d00000,0x00000000e6d00000,0x00000000e8700000)
 ParOldGen       total 181248K, used 46252K [0x00000000a0000000, 0x00000000ab100000, 0x00000000e0000000)
  object space 181248K, 25% used [0x00000000a0000000,0x00000000a2d2b3d0,0x00000000ab100000)
 Metaspace       used 62239K, capacity 65200K, committed 65408K, reserved 1105920K
  class space    used 8304K, capacity 9058K, committed 9088K, reserved 1048576K
Event: 900.394 GC heap after
Heap after GC invocations=20 (full 3):
 PSYoungGen      total 138240K, used 9812K [0x00000000e0000000, 0x00000000eab80000, 0x0000000100000000)
  eden space 111616K, 0% used [0x00000000e0000000,0x00000000e0000000,0x00000000e6d00000)
  from space 26624K, 36% used [0x00000000e6d00000,0x00000000e76950a0,0x00000000e8700000)
  to   space 25600K, 0% used [0x00000000e9280000,0x00000000e9280000,0x00000000eab80000)
 ParOldGen       total 181248K, used 46260K [0x00000000a0000000, 0x00000000ab100000, 0x00000000e0000000)
  object space 181248K, 25% used [0x00000000a0000000,0x00000000a2d2d3d0,0x00000000ab100000)
 Metaspace       used 62239K, capacity 65200K, committed 65408K, reserved 1105920K
  class space    used 8304K, capacity 9058K, committed 9088K, reserved 1048576K
}

